update-alternatives 2016-03-20 11:17:50: run with --quiet --install /usr/bin/awk awk /usr/bin/mawk 5 --slave /usr/share/man/man1/awk.1.gz awk.1.gz /usr/share/man/man1/mawk.1.gz --slave /usr/bin/nawk nawk /usr/bin/mawk --slave /usr/share/man/man1/nawk.1.gz nawk.1.gz /usr/share/man/man1/mawk.1.gz
update-alternatives 2016-03-20 11:17:50: link group awk updated to point to /usr/bin/mawk
update-alternatives 2016-03-20 11:19:33: run with --quiet --install /usr/bin/awk awk /usr/bin/mawk 5 --slave /usr/share/man/man1/awk.1.gz awk.1.gz /usr/share/man/man1/mawk.1.gz --slave /usr/bin/nawk nawk /usr/bin/mawk --slave /usr/share/man/man1/nawk.1.gz nawk.1.gz /usr/share/man/man1/mawk.1.gz
update-alternatives 2016-03-20 11:19:35: run with --install /usr/sbin/rmt rmt /usr/sbin/rmt-tar 50 --slave /usr/share/man/man8/rmt.8.gz rmt.8.gz /usr/share/man/man8/rmt-tar.8.gz
update-alternatives 2016-03-20 11:19:35: link group rmt updated to point to /usr/sbin/rmt-tar
update-alternatives 2016-03-20 11:20:01: run with --install /usr/share/man/man7/builtins.7.gz builtins.7.gz /usr/share/man/man7/bash-builtins.7.gz 10
update-alternatives 2016-03-20 11:20:01: link group builtins.7.gz updated to point to /usr/share/man/man7/bash-builtins.7.gz
update-alternatives 2016-03-20 11:20:08: run with --install /usr/bin/pager pager /bin/more 50 --slave /usr/share/man/man1/pager.1.gz pager.1.gz /usr/share/man/man1/more.1.gz
update-alternatives 2016-03-20 11:20:08: link group pager updated to point to /bin/more
update-alternatives 2016-03-20 11:20:08: run with --install /usr/bin/pager pager /usr/bin/pg 10 --slave /usr/share/man/man1/pager.1.gz pager.1.gz /usr/share/man/man1/pg.1.gz
update-alternatives 2016-03-20 11:47:41: run with --install /bin/mt mt /bin/mt-gnu 10 --slave /usr/share/man/man1/mt.1.gz mt.1.gz /usr/share/man/man1/mt-gnu.1.gz
update-alternatives 2016-03-20 11:47:41: link group mt updated to point to /bin/mt-gnu
update-alternatives 2016-03-20 11:48:04: run with --install /etc/mysql/my.cnf my.cnf /etc/mysql/my.cnf.fallback 100
update-alternatives 2016-03-20 11:48:04: link group my.cnf updated to point to /etc/mysql/my.cnf.fallback
update-alternatives 2016-03-20 11:48:05: run with --install /bin/nc nc /bin/nc.traditional 10 --slave /bin/netcat netcat /bin/nc.traditional --slave /usr/share/man/man1/nc.1.gz nc.1.gz /usr/share/man/man1/nc.traditional.1.gz --slave /usr/share/man/man1/netcat.1.gz netcat.1.gz /usr/share/man/man1/nc.traditional.1.gz
update-alternatives 2016-03-20 11:48:05: link group nc updated to point to /bin/nc.traditional
update-alternatives 2016-03-20 11:48:10: run with --install /usr/bin/editor editor /bin/nano 40 --slave /usr/share/man/man1/editor.1.gz editor.1.gz /usr/share/man/man1/nano.1.gz
update-alternatives 2016-03-20 11:48:10: link group editor updated to point to /bin/nano
update-alternatives 2016-03-20 11:48:10: run with --install /usr/bin/pico pico /bin/nano 10 --slave /usr/share/man/man1/pico.1.gz pico.1.gz /usr/share/man/man1/nano.1.gz
update-alternatives 2016-03-20 11:48:10: link group pico updated to point to /bin/nano
update-alternatives 2016-03-20 11:48:19: run with --install /usr/lib/libblas.so.3 libblas.so.3 /usr/lib/libblas/libblas.so.3 10
update-alternatives 2016-03-20 11:48:19: link group libblas.so.3 updated to point to /usr/lib/libblas/libblas.so.3
update-alternatives 2016-03-20 11:48:40: run with --install /usr/bin/write write /usr/bin/bsd-write 100 --slave /usr/share/man/man1/write.1.gz write.1.gz /usr/share/man/man1/bsd-write.1.gz
update-alternatives 2016-03-20 11:48:40: link group write updated to point to /usr/bin/bsd-write
update-alternatives 2016-03-20 11:48:40: run with --install /usr/bin/from from /usr/bin/bsd-from 10 --slave /usr/share/man/man1/from.1.gz from.1.gz /usr/share/man/man1/bsd-from.1.gz
update-alternatives 2016-03-20 11:48:40: link group from updated to point to /usr/bin/bsd-from
update-alternatives 2016-03-20 11:49:11: run with --install /usr/bin/rview rview /usr/bin/vim.tiny 10
update-alternatives 2016-03-20 11:49:11: link group rview updated to point to /usr/bin/vim.tiny
update-alternatives 2016-03-20 11:49:11: run with --install /usr/bin/vi vi /usr/bin/vim.tiny 10 --slave /usr/share/man/fr/man1/vi.1.gz vi.fr.1.gz /usr/share/man/fr/man1/vim.1.gz --slave /usr/share/man/it/man1/vi.1.gz vi.it.1.gz /usr/share/man/it/man1/vim.1.gz --slave /usr/share/man/pl/man1/vi.1.gz vi.pl.1.gz /usr/share/man/pl/man1/vim.1.gz --slave /usr/share/man/ru/man1/vi.1.gz vi.ru.1.gz /usr/share/man/ru/man1/vim.1.gz --slave /usr/share/man/ja/man1/vi.1.gz vi.ja.1.gz /usr/share/man/ja/man1/vim.1.gz --slave /usr/share/man/man1/vi.1.gz vi.1.gz /usr/share/man/man1/vim.1.gz
update-alternatives 2016-03-20 11:49:11: link group vi updated to point to /usr/bin/vim.tiny
update-alternatives 2016-03-20 11:49:11: run with --install /usr/bin/view view /usr/bin/vim.tiny 10 --slave /usr/share/man/fr/man1/view.1.gz view.fr.1.gz /usr/share/man/fr/man1/vim.1.gz --slave /usr/share/man/it/man1/view.1.gz view.it.1.gz /usr/share/man/it/man1/vim.1.gz --slave /usr/share/man/pl/man1/view.1.gz view.pl.1.gz /usr/share/man/pl/man1/vim.1.gz --slave /usr/share/man/ru/man1/view.1.gz view.ru.1.gz /usr/share/man/ru/man1/vim.1.gz --slave /usr/share/man/ja/man1/view.1.gz view.ja.1.gz /usr/share/man/ja/man1/vim.1.gz --slave /usr/share/man/man1/view.1.gz view.1.gz /usr/share/man/man1/vim.1.gz
update-alternatives 2016-03-20 11:49:11: link group view updated to point to /usr/bin/vim.tiny
update-alternatives 2016-03-20 11:49:11: run with --install /usr/bin/ex ex /usr/bin/vim.tiny 10 --slave /usr/share/man/fr/man1/ex.1.gz ex.fr.1.gz /usr/share/man/fr/man1/vim.1.gz --slave /usr/share/man/it/man1/ex.1.gz ex.it.1.gz /usr/share/man/it/man1/vim.1.gz --slave /usr/share/man/pl/man1/ex.1.gz ex.pl.1.gz /usr/share/man/pl/man1/vim.1.gz --slave /usr/share/man/ru/man1/ex.1.gz ex.ru.1.gz /usr/share/man/ru/man1/vim.1.gz --slave /usr/share/man/ja/man1/ex.1.gz ex.ja.1.gz /usr/share/man/ja/man1/vim.1.gz --slave /usr/share/man/man1/ex.1.gz ex.1.gz /usr/share/man/man1/vim.1.gz
update-alternatives 2016-03-20 11:49:11: link group ex updated to point to /usr/bin/vim.tiny
update-alternatives 2016-03-20 11:49:11: run with --install /usr/bin/editor editor /usr/bin/vim.tiny 10 --slave /usr/share/man/fr/man1/editor.1.gz editor.fr.1.gz /usr/share/man/fr/man1/vim.1.gz --slave /usr/share/man/it/man1/editor.1.gz editor.it.1.gz /usr/share/man/it/man1/vim.1.gz --slave /usr/share/man/pl/man1/editor.1.gz editor.pl.1.gz /usr/share/man/pl/man1/vim.1.gz --slave /usr/share/man/ru/man1/editor.1.gz editor.ru.1.gz /usr/share/man/ru/man1/vim.1.gz --slave /usr/share/man/ja/man1/editor.1.gz editor.ja.1.gz /usr/share/man/ja/man1/vim.1.gz --slave /usr/share/man/man1/editor.1.gz editor.1.gz /usr/share/man/man1/vim.1.gz
update-alternatives 2016-03-20 11:49:37: run with --install /usr/bin/vim vim /usr/bin/vim.basic 30
update-alternatives 2016-03-20 11:49:37: link group vim updated to point to /usr/bin/vim.basic
update-alternatives 2016-03-20 11:49:37: run with --install /usr/bin/vimdiff vimdiff /usr/bin/vim.basic 30
update-alternatives 2016-03-20 11:49:37: link group vimdiff updated to point to /usr/bin/vim.basic
update-alternatives 2016-03-20 11:49:37: run with --install /usr/bin/rvim rvim /usr/bin/vim.basic 30
update-alternatives 2016-03-20 11:49:37: link group rvim updated to point to /usr/bin/vim.basic
update-alternatives 2016-03-20 11:49:37: run with --install /usr/bin/rview rview /usr/bin/vim.basic 30
update-alternatives 2016-03-20 11:49:37: link group rview updated to point to /usr/bin/vim.basic
update-alternatives 2016-03-20 11:49:37: run with --install /usr/bin/vi vi /usr/bin/vim.basic 30 --slave /usr/share/man/fr/man1/vi.1.gz vi.fr.1.gz /usr/share/man/fr/man1/vim.1.gz --slave /usr/share/man/it/man1/vi.1.gz vi.it.1.gz /usr/share/man/it/man1/vim.1.gz --slave /usr/share/man/pl/man1/vi.1.gz vi.pl.1.gz /usr/share/man/pl/man1/vim.1.gz --slave /usr/share/man/ru/man1/vi.1.gz vi.ru.1.gz /usr/share/man/ru/man1/vim.1.gz --slave /usr/share/man/ja/man1/vi.1.gz vi.ja.1.gz /usr/share/man/ja/man1/vim.1.gz --slave /usr/share/man/man1/vi.1.gz vi.1.gz /usr/share/man/man1/vim.1.gz
update-alternatives 2016-03-20 11:49:37: link group vi updated to point to /usr/bin/vim.basic
update-alternatives 2016-03-20 11:49:37: run with --install /usr/bin/view view /usr/bin/vim.basic 30 --slave /usr/share/man/fr/man1/view.1.gz view.fr.1.gz /usr/share/man/fr/man1/vim.1.gz --slave /usr/share/man/it/man1/view.1.gz view.it.1.gz /usr/share/man/it/man1/vim.1.gz --slave /usr/share/man/pl/man1/view.1.gz view.pl.1.gz /usr/share/man/pl/man1/vim.1.gz --slave /usr/share/man/ru/man1/view.1.gz view.ru.1.gz /usr/share/man/ru/man1/vim.1.gz --slave /usr/share/man/ja/man1/view.1.gz view.ja.1.gz /usr/share/man/ja/man1/vim.1.gz --slave /usr/share/man/man1/view.1.gz view.1.gz /usr/share/man/man1/vim.1.gz
update-alternatives 2016-03-20 11:49:37: link group view updated to point to /usr/bin/vim.basic
update-alternatives 2016-03-20 11:49:37: run with --install /usr/bin/ex ex /usr/bin/vim.basic 30 --slave /usr/share/man/fr/man1/ex.1.gz ex.fr.1.gz /usr/share/man/fr/man1/vim.1.gz --slave /usr/share/man/it/man1/ex.1.gz ex.it.1.gz /usr/share/man/it/man1/vim.1.gz --slave /usr/share/man/pl/man1/ex.1.gz ex.pl.1.gz /usr/share/man/pl/man1/vim.1.gz --slave /usr/share/man/ru/man1/ex.1.gz ex.ru.1.gz /usr/share/man/ru/man1/vim.1.gz --slave /usr/share/man/ja/man1/ex.1.gz ex.ja.1.gz /usr/share/man/ja/man1/vim.1.gz --slave /usr/share/man/man1/ex.1.gz ex.1.gz /usr/share/man/man1/vim.1.gz
update-alternatives 2016-03-20 11:49:37: link group ex updated to point to /usr/bin/vim.basic
update-alternatives 2016-03-20 11:49:37: run with --install /usr/bin/editor editor /usr/bin/vim.basic 30 --slave /usr/share/man/fr/man1/editor.1.gz editor.fr.1.gz /usr/share/man/fr/man1/vim.1.gz --slave /usr/share/man/it/man1/editor.1.gz editor.it.1.gz /usr/share/man/it/man1/vim.1.gz --slave /usr/share/man/pl/man1/editor.1.gz editor.pl.1.gz /usr/share/man/pl/man1/vim.1.gz --slave /usr/share/man/ru/man1/editor.1.gz editor.ru.1.gz /usr/share/man/ru/man1/vim.1.gz --slave /usr/share/man/ja/man1/editor.1.gz editor.ja.1.gz /usr/share/man/ja/man1/vim.1.gz --slave /usr/share/man/man1/editor.1.gz editor.1.gz /usr/share/man/man1/vim.1.gz
update-alternatives 2016-03-20 11:49:55: run with --install /usr/bin/w w /usr/bin/w.procps 50 --slave /usr/share/man/man1/w.1.gz w.1.gz /usr/share/man/man1/w.procps.1.gz
update-alternatives 2016-03-20 11:49:55: link group w updated to point to /usr/bin/w.procps
update-alternatives 2016-03-20 11:49:56: run with --install /usr/bin/rename rename /usr/bin/prename 60 --slave /usr/share/man/man1/rename.1.gz rename.1.gz /usr/share/man/man1/prename.1.gz
update-alternatives 2016-03-20 11:49:56: link group rename updated to point to /usr/bin/prename
update-alternatives 2016-03-20 11:52:51: run with --quiet --install /lib/cpp cpp /usr/bin/cpp 10
update-alternatives 2016-03-20 11:52:51: link group cpp updated to point to /usr/bin/cpp
update-alternatives 2016-03-20 11:53:56: run with --quiet --install /usr/bin/rsh rsh /usr/bin/ssh 20 --slave /usr/share/man/man1/rsh.1.gz rsh.1.gz /usr/share/man/man1/ssh.1.gz
update-alternatives 2016-03-20 11:53:56: link group rsh updated to point to /usr/bin/ssh
update-alternatives 2016-03-20 11:53:56: run with --quiet --install /usr/bin/rlogin rlogin /usr/bin/slogin 20 --slave /usr/share/man/man1/rlogin.1.gz rlogin.1.gz /usr/share/man/man1/slogin.1.gz
update-alternatives 2016-03-20 11:53:56: link group rlogin updated to point to /usr/bin/slogin
update-alternatives 2016-03-20 11:53:56: run with --quiet --install /usr/bin/rcp rcp /usr/bin/scp 20 --slave /usr/share/man/man1/rcp.1.gz rcp.1.gz /usr/share/man/man1/scp.1.gz
update-alternatives 2016-03-20 11:53:56: link group rcp updated to point to /usr/bin/scp
update-alternatives 2016-03-20 11:54:58: run with --install /usr/bin/x-terminal-emulator x-terminal-emulator /usr/bin/xterm 20 --slave /usr/share/man/man1/x-terminal-emulator.1.gz x-terminal-emulator.1.gz /usr/share/man/man1/xterm.1.gz
update-alternatives 2016-03-20 11:54:58: link group x-terminal-emulator updated to point to /usr/bin/xterm
update-alternatives 2016-03-20 11:54:58: run with --install /usr/bin/x-terminal-emulator x-terminal-emulator /usr/bin/uxterm 20 --slave /usr/share/man/man1/x-terminal-emulator.1.gz x-terminal-emulator.1.gz /usr/share/man/man1/uxterm.1.gz
update-alternatives 2016-03-20 11:54:58: run with --install /usr/bin/x-terminal-emulator x-terminal-emulator /usr/bin/koi8rxterm 20 --slave /usr/share/man/man1/x-terminal-emulator.1.gz x-terminal-emulator.1.gz /usr/share/man/man1/koi8rxterm.1.gz
update-alternatives 2016-03-20 11:54:58: run with --install /usr/bin/x-terminal-emulator x-terminal-emulator /usr/bin/lxterm 30 --slave /usr/share/man/man1/x-terminal-emulator.1.gz x-terminal-emulator.1.gz /usr/share/man/man1/lxterm.1.gz
update-alternatives 2016-03-20 11:54:58: link group x-terminal-emulator updated to point to /usr/bin/lxterm
update-alternatives 2016-03-20 11:55:59: run with --install /usr/bin/x-www-browser x-www-browser /usr/bin/iceweasel 70 --slave /usr/share/man/man1/x-www-browser.1.gz x-www-browser.1.gz /usr/share/man/man1/iceweasel.1.gz
update-alternatives 2016-03-20 11:55:59: link group x-www-browser updated to point to /usr/bin/iceweasel
update-alternatives 2016-03-20 11:56:00: run with --install /usr/bin/gnome-www-browser gnome-www-browser /usr/bin/iceweasel 70 --slave /usr/share/man/man1/gnome-www-browser.1.gz gnome-www-browser.1.gz /usr/share/man/man1/iceweasel.1.gz
update-alternatives 2016-03-20 11:56:00: link group gnome-www-browser updated to point to /usr/bin/iceweasel
update-alternatives 2016-03-20 11:56:02: run with --install /usr/share/images/desktop-base/desktop-background desktop-background /usr/share/images/desktop-base/kali-wallpaper_1024x768.png 70
update-alternatives 2016-03-20 11:56:02: link group desktop-background updated to point to /usr/share/images/desktop-base/kali-wallpaper_1024x768.png
update-alternatives 2016-03-20 11:56:02: run with --install /usr/share/images/desktop-base/desktop-background desktop-background /usr/share/images/desktop-base/kali-wallpaper_1600x1200.png 70
update-alternatives 2016-03-20 11:56:02: run with --install /usr/share/images/desktop-base/desktop-background desktop-background /usr/share/images/desktop-base/kali-wallpaper_1280x1024.png 70
update-alternatives 2016-03-20 11:56:02: run with --install /usr/share/images/desktop-base/desktop-background desktop-background /usr/share/images/desktop-base/kali-wallpaper_1280x800.png 70
update-alternatives 2016-03-20 11:56:02: run with --install /usr/share/images/desktop-base/desktop-background desktop-background /usr/share/images/desktop-base/kali-wallpaper_1920x1080.png 75
update-alternatives 2016-03-20 11:56:02: link group desktop-background updated to point to /usr/share/images/desktop-base/kali-wallpaper_1920x1080.png
update-alternatives 2016-03-20 11:56:03: run with --install /usr/share/images/desktop-base/desktop-background desktop-background /usr/share/images/desktop-base/kali-wallpaper_1920x1200.png 70
update-alternatives 2016-03-20 11:56:03: run with --install /usr/share/images/desktop-base/desktop-background desktop-background /usr/share/images/desktop-base/lines-wallpaper_1280x1024.svg 60
update-alternatives 2016-03-20 11:56:03: run with --install /usr/share/images/desktop-base/desktop-background desktop-background /usr/share/images/desktop-base/lines-wallpaper_1600x1200.svg 60
update-alternatives 2016-03-20 11:56:03: run with --install /usr/share/images/desktop-base/desktop-background desktop-background /usr/share/images/desktop-base/lines-wallpaper_1920x1080.svg 65
update-alternatives 2016-03-20 11:56:03: run with --install /usr/share/images/desktop-base/desktop-background desktop-background /usr/share/images/desktop-base/lines-wallpaper_1920x1200.svg 60
update-alternatives 2016-03-20 11:56:03: run with --install /usr/share/images/desktop-base/desktop-background desktop-background /usr/share/images/desktop-base/lines-wallpaper_2560x1080.svg 60
update-alternatives 2016-03-20 11:56:03: run with --install /usr/share/images/desktop-base/desktop-background desktop-background /usr/share/images/desktop-base/joy-wallpaper_1600x1200.svg 55
update-alternatives 2016-03-20 11:56:03: run with --install /usr/share/images/desktop-base/desktop-background desktop-background /usr/share/images/desktop-base/joy-wallpaper_1280x1024.svg 55
update-alternatives 2016-03-20 11:56:03: run with --install /usr/share/images/desktop-base/desktop-background desktop-background /usr/share/images/desktop-base/joy-wallpaper_1920x1080.svg 55
update-alternatives 2016-03-20 11:56:03: run with --install /usr/share/images/desktop-base/desktop-background desktop-background /usr/share/images/desktop-base/joy-wallpaper_1920x1200.svg 55
update-alternatives 2016-03-20 11:56:03: run with --install /usr/share/images/desktop-base/desktop-background desktop-background /usr/share/images/desktop-base/joy-inksplat-wallpaper_1920x1080.svg 55
update-alternatives 2016-03-20 11:56:03: run with --install /usr/share/images/desktop-base/desktop-background desktop-background /usr/share/images/desktop-base/spacefun-wallpaper.svg 50
update-alternatives 2016-03-20 11:56:03: run with --install /usr/share/images/desktop-base/desktop-background desktop-background /usr/share/images/desktop-base/spacefun-wallpaper-widescreen.svg 50
update-alternatives 2016-03-20 11:56:03: run with --install /usr/share/images/desktop-base/desktop-background desktop-background /usr/share/images/desktop-base/moreblue-orbit-wallpaper.svg 40
update-alternatives 2016-03-20 11:56:04: run with --install /usr/share/images/desktop-base/desktop-background desktop-background /usr/share/images/desktop-base/moreblue-orbit-wallpaper-widescreen.svg 40
update-alternatives 2016-03-20 11:56:04: run with --install /usr/share/images/desktop-base/desktop-background.xml desktop-background.xml /usr/share/images/desktop-base/kali.xml 30
update-alternatives 2016-03-20 11:56:04: link group desktop-background.xml updated to point to /usr/share/images/desktop-base/kali.xml
update-alternatives 2016-03-20 11:56:04: run with --install /usr/share/images/desktop-base/desktop-background.xml desktop-background.xml /usr/share/images/desktop-base/lines.xml 20
update-alternatives 2016-03-20 11:56:04: run with --install /usr/share/images/desktop-base/desktop-background.xml desktop-background.xml /usr/share/images/desktop-base/joy.xml 10
update-alternatives 2016-03-20 11:56:04: run with --install /usr/share/images/desktop-base/desktop-splash desktop-splash /usr/share/images/desktop-base/spacefun-splash.svg 50
update-alternatives 2016-03-20 11:56:04: link group desktop-splash updated to point to /usr/share/images/desktop-base/spacefun-splash.svg
update-alternatives 2016-03-20 11:56:04: run with --install /usr/share/images/desktop-base/desktop-splash desktop-splash /usr/share/images/desktop-base/moreblue-orbit-splash.png 40
update-alternatives 2016-03-20 11:56:04: run with --install /usr/share/images/desktop-base/desktop-grub.png desktop-grub /usr/share/images/desktop-base/lines-grub.png 20
update-alternatives 2016-03-20 11:56:04: link group desktop-grub updated to point to /usr/share/images/desktop-base/lines-grub.png
update-alternatives 2016-03-20 11:56:04: run with --install /usr/share/images/desktop-base/desktop-grub.png desktop-grub /usr/share/images/desktop-base/lines-grub-1920x1080.png 15
update-alternatives 2016-03-20 11:56:04: run with --install /usr/share/images/desktop-base/desktop-grub.png desktop-grub /usr/share/images/desktop-base/kali-grub.png 25
update-alternatives 2016-03-20 11:56:04: link group desktop-grub updated to point to /usr/share/images/desktop-base/kali-grub.png
update-alternatives 2016-03-20 11:56:04: run with --install /usr/share/images/desktop-base/desktop-grub.png desktop-grub /usr/share/images/desktop-base/joy-grub.png 15
update-alternatives 2016-03-20 11:56:04: run with --install /usr/share/images/desktop-base/desktop-grub.png desktop-grub /usr/share/images/desktop-base/spacefun-grub.png 15
update-alternatives 2016-03-20 11:56:05: run with --install /usr/share/images/desktop-base/desktop-grub.png desktop-grub /usr/share/images/desktop-base/spacefun-grub-widescreen.png 14
update-alternatives 2016-03-20 11:56:06: run with --install /usr/bin/x-window-manager x-window-manager /usr/bin/xfwm4 60 --slave /usr/share/man/man1/x-window-manager.1.gz x-window-manager.1.gz /usr/share/man/man1/xfwm4.1.gz
update-alternatives 2016-03-20 11:56:06: link group x-window-manager updated to point to /usr/bin/xfwm4
update-alternatives 2016-03-20 11:56:10: run with --install /usr/bin/x-terminal-emulator x-terminal-emulator /usr/bin/xfce4-terminal.wrapper 40 --slave /usr/share/man/man1/x-terminal-emulator.1.gz x-terminal-emulator.1.gz /usr/share/man/man1/xfce4-terminal.1.gz
update-alternatives 2016-03-20 11:56:10: link group x-terminal-emulator updated to point to /usr/bin/xfce4-terminal.wrapper
update-alternatives 2016-03-20 11:56:11: run with --install /usr/bin/x-session-manager x-session-manager /usr/bin/startxfce4 50 --slave /usr/share/man/man1/x-session-manager.1.gz x-session-manager.1.gz /usr/share/man/man1/startxfce4.1.gz
update-alternatives 2016-03-20 11:56:11: link group x-session-manager updated to point to /usr/bin/startxfce4
update-alternatives 2016-03-20 11:56:11: run with --install /usr/bin/x-session-manager x-session-manager /usr/bin/xfce4-session 40 --slave /usr/share/man/man1/x-session-manager.1.gz x-session-manager.1.gz /usr/share/man/man1/xfce4-session.1.gz
update-alternatives 2016-03-20 11:56:39: run with --install /usr/share/icons/default/index.theme x-cursor-theme /usr/share/icons/Adwaita/cursor.theme 90
update-alternatives 2016-03-20 11:56:39: link group x-cursor-theme updated to point to /usr/share/icons/Adwaita/cursor.theme
update-alternatives 2016-03-20 11:56:42: run with --install /usr/share/icons/gnome/scalable/places/start-here.svg start-here.svg /usr/share/icons/gnome/scalable/places/debian-swirl.svg 30 --slave /usr/share/icons/gnome/16x16/places/start-here.png start-here-16.png /usr/share/icons/gnome/16x16/places/debian-swirl.png --slave /usr/share/icons/gnome/22x22/places/start-here.png start-here-22.png /usr/share/icons/gnome/22x22/places/debian-swirl.png --slave /usr/share/icons/gnome/24x24/places/start-here.png start-here-24.png /usr/share/icons/gnome/24x24/places/debian-swirl.png --slave /usr/share/icons/gnome/256x256/places/start-here.png start-here-256.png /usr/share/icons/gnome/256x256/places/debian-swirl.png --slave /usr/share/icons/gnome/32x32/places/start-here.png start-here-32.png /usr/share/icons/gnome/32x32/places/debian-swirl.png --slave /usr/share/icons/gnome/48x48/places/start-here.png start-here-48.png /usr/share/icons/gnome/48x48/places/debian-swirl.png
update-alternatives 2016-03-20 11:56:42: link group start-here.svg updated to point to /usr/share/icons/gnome/scalable/places/debian-swirl.svg
update-alternatives 2016-03-20 11:56:42: run with --install /usr/share/icons/gnome/scalable/places/start-here.svg start-here.svg /usr/share/icons/gnome/scalable/places/gnome-foot.svg 20 --slave /usr/share/icons/gnome/16x16/places/start-here.png start-here-16.png /usr/share/icons/gnome/16x16/places/gnome-foot.png --slave /usr/share/icons/gnome/22x22/places/start-here.png start-here-22.png /usr/share/icons/gnome/22x22/places/gnome-foot.png --slave /usr/share/icons/gnome/24x24/places/start-here.png start-here-24.png /usr/share/icons/gnome/24x24/places/gnome-foot.png --slave /usr/share/icons/gnome/256x256/places/start-here.png start-here-256.png /usr/share/icons/gnome/256x256/places/gnome-foot.png --slave /usr/share/icons/gnome/32x32/places/start-here.png start-here-32.png /usr/share/icons/gnome/32x32/places/gnome-foot.png --slave /usr/share/icons/gnome/48x48/places/start-here.png start-here-48.png /usr/share/icons/gnome/48x48/places/gnome-foot.png
update-alternatives 2016-03-20 11:57:22: run with --install /usr/share/icons/gnome/scalable/places/start-here.svg start-here.svg /usr/share/icons/gnome-colors-common/scalable/places/gnome-colors.svg 20 --slave /usr/share/icons/gnome/16x16/places/start-here.png start-here-16.png /usr/share/icons/gnome-colors-common/16x16/places/gnome-colors.png --slave /usr/share/icons/gnome/22x22/places/start-here.png start-here-22.png /usr/share/icons/gnome-colors-common/22x22/places/gnome-colors.png --slave /usr/share/icons/gnome/24x24/places/start-here.png start-here-24.png /usr/share/icons/gnome-colors-common/24x24/places/gnome-colors.png --slave /usr/share/icons/gnome/32x32/places/start-here.png start-here-32.png /usr/share/icons/gnome-colors-common/32x32/places/gnome-colors.png
update-alternatives 2016-03-20 11:57:23: run with --install /usr/share/xgreeters/lightdm-greeter.desktop lightdm-greeter /usr/share/xgreeters/lightdm-gtk-greeter.desktop 60
update-alternatives 2016-03-20 11:57:23: link group lightdm-greeter updated to point to /usr/share/xgreeters/lightdm-gtk-greeter.desktop
